<?xml version="1.0" encoding="UTF-8"?>
<!-- Generated by org.testng.reporters.JUnitXMLReporter -->
<testsuite ignored="0" hostname="LAPTOP-UC9MFUO7" failures="0" tests="4" name="FireFox" time="0.04" errors="0" timestamp="2022-09-16T23:36:34 IST">
  <testcase classname="tempTestPack.OpenAbeBookANdCheckBottons" name="@BeforeTest launchBrowser" time="0.001">
    <failure type="java.lang.NullPointerException" message="Cannot invoke &amp;quot;org.openqa.selenium.WebDriver.manage()&amp;quot; because &amp;quot;this.driver&amp;quot; is null">
      <![CDATA[java.lang.NullPointerException: Cannot invoke "org.openqa.selenium.WebDriver.manage()" because "this.driver" is null
at tempTestPack.OpenAbeBookANdCheckBottons.launchBrowser(OpenAbeBookANdCheckBottons.java:46)
... Removed 22 stack frames]]>
    </failure>
  </testcase> <!-- @BeforeTest launchBrowser -->
  <testcase classname="tempTestPack.TestSciencePage" name="@BeforeTest launchBrowser" time="-1.66335159444E9">
    <skipped/>
  </testcase> <!-- @BeforeTest launchBrowser -->
  <testcase classname="tempTestPack.TestSciencePage" name="@BeforeClass createPOMObject" time="-1.663351594445E9">
    <skipped/>
  </testcase> <!-- @BeforeClass createPOMObject -->
  <testcase classname="tempTestPack.OpenAbeBookANdCheckBottons" name="@BeforeClass createPOMObject" time="-1.663351594445E9">
    <skipped/>
  </testcase> <!-- @BeforeClass createPOMObject -->
  <testcase classname="tempTestPack.TestSciencePage" name="@BeforeMethod openAmazoneScienceAndReasearchAreaPage" time="-1.663351594448E9">
    <skipped/>
  </testcase> <!-- @BeforeMethod openAmazoneScienceAndReasearchAreaPage -->
  <testcase classname="tempTestPack.OpenAbeBookANdCheckBottons" name="@BeforeMethod openShopArtBooksCollection" time="-1.663351594448E9">
    <skipped/>
  </testcase> <!-- @BeforeMethod openShopArtBooksCollection -->
  <testcase classname="tempTestPack.TestSciencePage" name="@AfterMethod logOutFromApp" time="-1.663351594455E9">
    <skipped/>
  </testcase> <!-- @AfterMethod logOutFromApp -->
  <testcase classname="tempTestPack.OpenAbeBookANdCheckBottons" name="@AfterMethod logOutFromApp" time="-1.663351594456E9">
    <skipped/>
  </testcase> <!-- @AfterMethod logOutFromApp -->
  <testcase classname="tempTestPack.TestSciencePage" name="@BeforeMethod openAmazoneScienceAndReasearchAreaPage" time="-1.663351594458E9">
    <skipped/>
  </testcase> <!-- @BeforeMethod openAmazoneScienceAndReasearchAreaPage -->
  <testcase classname="tempTestPack.OpenAbeBookANdCheckBottons" name="@BeforeMethod openShopArtBooksCollection" time="-1.663351594458E9">
    <skipped/>
  </testcase> <!-- @BeforeMethod openShopArtBooksCollection -->
  <testcase classname="tempTestPack.OpenAbeBookANdCheckBottons" name="@AfterMethod logOutFromApp" time="-1.663351594465E9">
    <skipped/>
  </testcase> <!-- @AfterMethod logOutFromApp -->
  <testcase classname="tempTestPack.TestSciencePage" name="@AfterMethod logOutFromApp" time="-1.663351594464E9">
    <skipped/>
  </testcase> <!-- @AfterMethod logOutFromApp -->
  <testcase classname="tempTestPack.OpenAbeBookANdCheckBottons" name="@AfterClass cleanPOMObject" time="-1.663351594468E9">
    <skipped/>
  </testcase> <!-- @AfterClass cleanPOMObject -->
  <testcase classname="tempTestPack.TestSciencePage" name="@AfterClass cleanPOMOObject" time="-1.663351594468E9">
    <skipped/>
  </testcase> <!-- @AfterClass cleanPOMOObject -->
  <testcase classname="tempTestPack.OpenAbeBookANdCheckBottons" name="@AfterTest closedBrowser" time="-1.66335159447E9">
    <skipped/>
  </testcase> <!-- @AfterTest closedBrowser -->
  <testcase classname="tempTestPack.TestSciencePage" name="@AfterTest closedBrowser" time="-1.663351594471E9">
    <skipped/>
  </testcase> <!-- @AfterTest closedBrowser -->
  <testcase classname="tempTestPack.TestSciencePage" name="verifyAmazonRekognitionButton" time="0.0">
    <skipped/>
  </testcase> <!-- verifyAmazonRekognitionButton -->
  <testcase classname="tempTestPack.OpenAbeBookANdCheckBottons" name="verifyAdvancedSearchButton" time="0.001">
    <skipped/>
  </testcase> <!-- verifyAdvancedSearchButton -->
  <testcase classname="tempTestPack.TestSciencePage" name="verifyDmodelingButton" time="0.0">
    <skipped/>
  </testcase> <!-- verifyDmodelingButton -->
  <testcase classname="tempTestPack.OpenAbeBookANdCheckBottons" name="verifyRareBooksButton" time="0.0">
    <skipped/>
  </testcase> <!-- verifyRareBooksButton -->
</testsuite> <!-- FireFox -->
